
Change-log for SpeechPlugin.dll

------------------------------------------------------------------------------------
22/03/19  v0.2.2.0 :
------------------------------------------------------------------------------------
	64-bit test, updated menu layout, added proper separator

------------------------------------------------------------------------------------
29/10/08  v0.2.1.0 :
------------------------------------------------------------------------------------
	Made compatible with Notepad++ 5.1 - Unicode release

------------------------------------------------------------------------------------
10/01/08  v0.2.0.1 :
------------------------------------------------------------------------------------
	Pause speech
	Resume speech
	
------------------------------------------------------------------------------------
09/01/08  v0.1.0.0 :
------------------------------------------------------------------------------------
	Speak selection
	Speak document
	Stop speech
